2026-03-03 22:47:37.546 [main] WARN  org.mybatis.spring.mapper.ClassPathMapperScanner - Skipping MapperFactoryBean with name 'baseClassDao' and 'net.maku.generator.dao.BaseClassDao' mapperInterface. Bean already defined with the same name!
2026-03-03 22:47:37.547 [main] WARN  org.mybatis.spring.mapper.ClassPathMapperScanner - Skipping MapperFactoryBean with name 'dataSourceDao' and 'net.maku.generator.dao.DataSourceDao' mapperInterface. Bean already defined with the same name!
2026-03-03 22:47:37.547 [main] WARN  org.mybatis.spring.mapper.ClassPathMapperScanner - Skipping MapperFactoryBean with name 'fieldTypeDao' and 'net.maku.generator.dao.FieldTypeDao' mapperInterface. Bean already defined with the same name!
2026-03-03 22:47:37.547 [main] WARN  org.mybatis.spring.mapper.ClassPathMapperScanner - Skipping MapperFactoryBean with name 'genConfigDao' and 'net.maku.generator.dao.GenConfigDao' mapperInterface. Bean already defined with the same name!
2026-03-03 22:47:37.549 [main] WARN  org.mybatis.spring.mapper.ClassPathMapperScanner - Skipping MapperFactoryBean with name 'projectModifyDao' and 'net.maku.generator.dao.ProjectModifyDao' mapperInterface. Bean already defined with the same name!
2026-03-03 22:47:37.549 [main] WARN  org.mybatis.spring.mapper.ClassPathMapperScanner - Skipping MapperFactoryBean with name 'tableDao' and 'net.maku.generator.dao.TableDao' mapperInterface. Bean already defined with the same name!
2026-03-03 22:47:37.550 [main] WARN  org.mybatis.spring.mapper.ClassPathMapperScanner - Skipping MapperFactoryBean with name 'tableFieldDao' and 'net.maku.generator.dao.TableFieldDao' mapperInterface. Bean already defined with the same name!
2026-03-03 22:47:37.550 [main] WARN  org.mybatis.spring.mapper.ClassPathMapperScanner - No MyBatis mapper was found in '[net.maku.generator.dao]' package. Please check your configuration.
2026-03-03 22:47:42.495 [main] WARN  o.s.b.w.s.c.AnnotationConfigServletWebServerApplicationContext - Exception encountered during context initialization - cancelling refresh attempt: org.springframework.beans.factory.UnsatisfiedDependencyException: Error creating bean with name 'emailService' defined in file [D:\study-projectv4.9.0_00\maku-boot-v4.9.0\maku-boot-system\target\classes\net\maku\email\service\EmailService.class]: Unsatisfied dependency expressed through constructor parameter 0: Error creating bean with name 'sysMailConfigServiceImpl': Unsatisfied dependency expressed through field 'baseMapper': Error creating bean with name 'sysMailConfigDao' defined in file [D:\study-projectv4.9.0_00\maku-boot-v4.9.0\maku-boot-system\target\classes\net\maku\system\dao\SysMailConfigDao.class]: Cannot resolve reference to bean 'sqlSessionTemplate' while setting bean property 'sqlSessionTemplate'
2026-03-03 22:49:51.098 [main] WARN  org.mybatis.spring.mapper.ClassPathMapperScanner - Skipping MapperFactoryBean with name 'baseClassDao' and 'net.maku.generator.dao.BaseClassDao' mapperInterface. Bean already defined with the same name!
2026-03-03 22:49:51.098 [main] WARN  org.mybatis.spring.mapper.ClassPathMapperScanner - Skipping MapperFactoryBean with name 'dataSourceDao' and 'net.maku.generator.dao.DataSourceDao' mapperInterface. Bean already defined with the same name!
2026-03-03 22:49:51.098 [main] WARN  org.mybatis.spring.mapper.ClassPathMapperScanner - Skipping MapperFactoryBean with name 'fieldTypeDao' and 'net.maku.generator.dao.FieldTypeDao' mapperInterface. Bean already defined with the same name!
2026-03-03 22:49:51.098 [main] WARN  org.mybatis.spring.mapper.ClassPathMapperScanner - Skipping MapperFactoryBean with name 'genConfigDao' and 'net.maku.generator.dao.GenConfigDao' mapperInterface. Bean already defined with the same name!
2026-03-03 22:49:51.099 [main] WARN  org.mybatis.spring.mapper.ClassPathMapperScanner - Skipping MapperFactoryBean with name 'projectModifyDao' and 'net.maku.generator.dao.ProjectModifyDao' mapperInterface. Bean already defined with the same name!
2026-03-03 22:49:51.099 [main] WARN  org.mybatis.spring.mapper.ClassPathMapperScanner - Skipping MapperFactoryBean with name 'tableDao' and 'net.maku.generator.dao.TableDao' mapperInterface. Bean already defined with the same name!
2026-03-03 22:49:51.099 [main] WARN  org.mybatis.spring.mapper.ClassPathMapperScanner - Skipping MapperFactoryBean with name 'tableFieldDao' and 'net.maku.generator.dao.TableFieldDao' mapperInterface. Bean already defined with the same name!
2026-03-03 22:49:51.100 [main] WARN  org.mybatis.spring.mapper.ClassPathMapperScanner - No MyBatis mapper was found in '[net.maku.generator.dao]' package. Please check your configuration.
2026-03-03 22:50:00.034 [main] WARN  o.s.b.w.s.c.AnnotationConfigServletWebServerApplicationContext - Exception encountered during context initialization - cancelling refresh attempt: org.springframework.beans.factory.UnsatisfiedDependencyException: Error creating bean with name 'scheduleJobController' defined in file [D:\study-projectv4.9.0_00\maku-boot-v4.9.0\maku-boot-module\maku-module-quartz\target\classes\net\maku\quartz\controller\ScheduleJobController.class]: Unsatisfied dependency expressed through constructor parameter 0: Error creating bean with name 'scheduleJobServiceImpl': Invocation of init method failed
2026-03-03 22:56:54.333 [main] WARN  org.mybatis.spring.mapper.ClassPathMapperScanner - Skipping MapperFactoryBean with name 'baseClassDao' and 'net.maku.generator.dao.BaseClassDao' mapperInterface. Bean already defined with the same name!
2026-03-03 22:56:54.333 [main] WARN  org.mybatis.spring.mapper.ClassPathMapperScanner - Skipping MapperFactoryBean with name 'dataSourceDao' and 'net.maku.generator.dao.DataSourceDao' mapperInterface. Bean already defined with the same name!
2026-03-03 22:56:54.333 [main] WARN  org.mybatis.spring.mapper.ClassPathMapperScanner - Skipping MapperFactoryBean with name 'fieldTypeDao' and 'net.maku.generator.dao.FieldTypeDao' mapperInterface. Bean already defined with the same name!
2026-03-03 22:56:54.333 [main] WARN  org.mybatis.spring.mapper.ClassPathMapperScanner - Skipping MapperFactoryBean with name 'genConfigDao' and 'net.maku.generator.dao.GenConfigDao' mapperInterface. Bean already defined with the same name!
2026-03-03 22:56:54.334 [main] WARN  org.mybatis.spring.mapper.ClassPathMapperScanner - Skipping MapperFactoryBean with name 'projectModifyDao' and 'net.maku.generator.dao.ProjectModifyDao' mapperInterface. Bean already defined with the same name!
2026-03-03 22:56:54.334 [main] WARN  org.mybatis.spring.mapper.ClassPathMapperScanner - Skipping MapperFactoryBean with name 'tableDao' and 'net.maku.generator.dao.TableDao' mapperInterface. Bean already defined with the same name!
2026-03-03 22:56:54.334 [main] WARN  org.mybatis.spring.mapper.ClassPathMapperScanner - Skipping MapperFactoryBean with name 'tableFieldDao' and 'net.maku.generator.dao.TableFieldDao' mapperInterface. Bean already defined with the same name!
2026-03-03 22:56:54.334 [main] WARN  org.mybatis.spring.mapper.ClassPathMapperScanner - No MyBatis mapper was found in '[net.maku.generator.dao]' package. Please check your configuration.
2026-03-03 23:22:02.104 [master housekeeper] WARN  com.zaxxer.hikari.pool.HikariPool - master - Thread starvation or clock leap detected (housekeeper delta=3m34s878ms155µs900ns).
